2023-01-14 18:27:47
g1.gp.0.conv1.weightg1.gp.0.conv1.biasg1.gp.0.conv2.weightg1.gp.0.conv2.biasg1.gp.0.calayer.ca.0.weightg1.gp.0.calayer.ca.0.biasg1.gp.0.calayer.ca.2.weightg1.gp.0.calayer.ca.2.biasg1.gp.0.palayer.pa.0.weightg1.gp.0.palayer.pa.0.biasg1.gp.0.palayer.pa.2.weightg1.gp.0.palayer.pa.2.biasg1.gp.1.conv1.weightg1.gp.1.conv1.biasg1.gp.1.conv2.weightg1.gp.1.conv2.biasg1.gp.1.calayer.ca.0.weightg1.gp.1.calayer.ca.0.biasg1.gp.1.calayer.ca.2.weightg1.gp.1.calayer.ca.2.biasg1.gp.1.palayer.pa.0.weightg1.gp.1.palayer.pa.0.biasg1.gp.1.palayer.pa.2.weightg1.gp.1.palayer.pa.2.biasg1.gp.2.conv1.weightg1.gp.2.conv1.biasg1.gp.2.conv2.weightg1.gp.2.conv2.biasg1.gp.2.calayer.ca.0.weightg1.gp.2.calayer.ca.0.biasg1.gp.2.calayer.ca.2.weightg1.gp.2.calayer.ca.2.biasg1.gp.2.palayer.pa.0.weightg1.gp.2.palayer.pa.0.biasg1.gp.2.palayer.pa.2.weightg1.gp.2.palayer.pa.2.biasg1.gp.3.conv1.weightg1.gp.3.conv1.biasg1.gp.3.conv2.weightg1.gp.3.conv2.biasg1.gp.3.calayer.ca.0.weightg1.gp.3.calayer.ca.0.biasg1.gp.3.calayer.ca.2.weightg1.gp.3.calayer.ca.2.biasg1.gp.3.palayer.pa.0.weightg1.gp.3.palayer.pa.0.biasg1.gp.3.palayer.pa.2.weightg1.gp.3.palayer.pa.2.biasg1.gp.4.conv1.weightg1.gp.4.conv1.biasg1.gp.4.conv2.weightg1.gp.4.conv2.biasg1.gp.4.calayer.ca.0.weightg1.gp.4.calayer.ca.0.biasg1.gp.4.calayer.ca.2.weightg1.gp.4.calayer.ca.2.biasg1.gp.4.palayer.pa.0.weightg1.gp.4.palayer.pa.0.biasg1.gp.4.palayer.pa.2.weightg1.gp.4.palayer.pa.2.biasg1.gp.5.conv1.weightg1.gp.5.conv1.biasg1.gp.5.conv2.weightg1.gp.5.conv2.biasg1.gp.5.calayer.ca.0.weightg1.gp.5.calayer.ca.0.biasg1.gp.5.calayer.ca.2.weightg1.gp.5.calayer.ca.2.biasg1.gp.5.palayer.pa.0.weightg1.gp.5.palayer.pa.0.biasg1.gp.5.palayer.pa.2.weightg1.gp.5.palayer.pa.2.biasg1.gp.6.conv1.weightg1.gp.6.conv1.biasg1.gp.6.conv2.weightg1.gp.6.conv2.biasg1.gp.6.calayer.ca.0.weightg1.gp.6.calayer.ca.0.biasg1.gp.6.calayer.ca.2.weightg1.gp.6.calayer.ca.2.biasg1.gp.6.palayer.pa.0.weightg1.gp.6.palayer.pa.0.biasg1.gp.6.palayer.pa.2.weightg1.gp.6.palayer.pa.2.biasg1.gp.7.conv1.weightg1.gp.7.conv1.biasg1.gp.7.conv2.weightg1.gp.7.conv2.biasg1.gp.7.calayer.ca.0.weightg1.gp.7.calayer.ca.0.biasg1.gp.7.calayer.ca.2.weightg1.gp.7.calayer.ca.2.biasg1.gp.7.palayer.pa.0.weightg1.gp.7.palayer.pa.0.biasg1.gp.7.palayer.pa.2.weightg1.gp.7.palayer.pa.2.biasg1.gp.8.conv1.weightg1.gp.8.conv1.biasg1.gp.8.conv2.weightg1.gp.8.conv2.biasg1.gp.8.calayer.ca.0.weightg1.gp.8.calayer.ca.0.biasg1.gp.8.calayer.ca.2.weightg1.gp.8.calayer.ca.2.biasg1.gp.8.palayer.pa.0.weightg1.gp.8.palayer.pa.0.biasg1.gp.8.palayer.pa.2.weightg1.gp.8.palayer.pa.2.biasg1.gp.9.conv1.weightg1.gp.9.conv1.biasg1.gp.9.conv2.weightg1.gp.9.conv2.biasg1.gp.9.calayer.ca.0.weightg1.gp.9.calayer.ca.0.biasg1.gp.9.calayer.ca.2.weightg1.gp.9.calayer.ca.2.biasg1.gp.9.palayer.pa.0.weightg1.gp.9.palayer.pa.0.biasg1.gp.9.palayer.pa.2.weightg1.gp.9.palayer.pa.2.biasg1.gp.10.conv1.weightg1.gp.10.conv1.biasg1.gp.10.conv2.weightg1.gp.10.conv2.biasg1.gp.10.calayer.ca.0.weightg1.gp.10.calayer.ca.0.biasg1.gp.10.calayer.ca.2.weightg1.gp.10.calayer.ca.2.biasg1.gp.10.palayer.pa.0.weightg1.gp.10.palayer.pa.0.biasg1.gp.10.palayer.pa.2.weightg1.gp.10.palayer.pa.2.biasg1.gp.11.conv1.weightg1.gp.11.conv1.biasg1.gp.11.conv2.weightg1.gp.11.conv2.biasg1.gp.11.calayer.ca.0.weightg1.gp.11.calayer.ca.0.biasg1.gp.11.calayer.ca.2.weightg1.gp.11.calayer.ca.2.biasg1.gp.11.palayer.pa.0.weightg1.gp.11.palayer.pa.0.biasg1.gp.11.palayer.pa.2.weightg1.gp.11.palayer.pa.2.biasg1.gp.12.conv1.weightg1.gp.12.conv1.biasg1.gp.12.conv2.weightg1.gp.12.conv2.biasg1.gp.12.calayer.ca.0.weightg1.gp.12.calayer.ca.0.biasg1.gp.12.calayer.ca.2.weightg1.gp.12.calayer.ca.2.biasg1.gp.12.palayer.pa.0.weightg1.gp.12.palayer.pa.0.biasg1.gp.12.palayer.pa.2.weightg1.gp.12.palayer.pa.2.biasg1.gp.13.conv1.weightg1.gp.13.conv1.biasg1.gp.13.conv2.weightg1.gp.13.conv2.biasg1.gp.13.calayer.ca.0.weightg1.gp.13.calayer.ca.0.biasg1.gp.13.calayer.ca.2.weightg1.gp.13.calayer.ca.2.biasg1.gp.13.palayer.pa.0.weightg1.gp.13.palayer.pa.0.biasg1.gp.13.palayer.pa.2.weightg1.gp.13.palayer.pa.2.biasg1.gp.14.conv1.weightg1.gp.14.conv1.biasg1.gp.14.conv2.weightg1.gp.14.conv2.biasg1.gp.14.calayer.ca.0.weightg1.gp.14.calayer.ca.0.biasg1.gp.14.calayer.ca.2.weightg1.gp.14.calayer.ca.2.biasg1.gp.14.palayer.pa.0.weightg1.gp.14.palayer.pa.0.biasg1.gp.14.palayer.pa.2.weightg1.gp.14.palayer.pa.2.biasg1.gp.15.conv1.weightg1.gp.15.conv1.biasg1.gp.15.conv2.weightg1.gp.15.conv2.biasg1.gp.15.calayer.ca.0.weightg1.gp.15.calayer.ca.0.biasg1.gp.15.calayer.ca.2.weightg1.gp.15.calayer.ca.2.biasg1.gp.15.palayer.pa.0.weightg1.gp.15.palayer.pa.0.biasg1.gp.15.palayer.pa.2.weightg1.gp.15.palayer.pa.2.biasg1.gp.16.conv1.weightg1.gp.16.conv1.biasg1.gp.16.conv2.weightg1.gp.16.conv2.biasg1.gp.16.calayer.ca.0.weightg1.gp.16.calayer.ca.0.biasg1.gp.16.calayer.ca.2.weightg1.gp.16.calayer.ca.2.biasg1.gp.16.palayer.pa.0.weightg1.gp.16.palayer.pa.0.biasg1.gp.16.palayer.pa.2.weightg1.gp.16.palayer.pa.2.biasg1.gp.17.conv1.weightg1.gp.17.conv1.biasg1.gp.17.conv2.weightg1.gp.17.conv2.biasg1.gp.17.calayer.ca.0.weightg1.gp.17.calayer.ca.0.biasg1.gp.17.calayer.ca.2.weightg1.gp.17.calayer.ca.2.biasg1.gp.17.palayer.pa.0.weightg1.gp.17.palayer.pa.0.biasg1.gp.17.palayer.pa.2.weightg1.gp.17.palayer.pa.2.biasg1.gp.18.conv1.weightg1.gp.18.conv1.biasg1.gp.18.conv2.weightg1.gp.18.conv2.biasg1.gp.18.calayer.ca.0.weightg1.gp.18.calayer.ca.0.biasg1.gp.18.calayer.ca.2.weightg1.gp.18.calayer.ca.2.biasg1.gp.18.palayer.pa.0.weightg1.gp.18.palayer.pa.0.biasg1.gp.18.palayer.pa.2.weightg1.gp.18.palayer.pa.2.biasg1.gp.19.conv1.weightg1.gp.19.conv1.biasg1.gp.19.conv2.weightg1.gp.19.conv2.biasg1.gp.19.calayer.ca.0.weightg1.gp.19.calayer.ca.0.biasg1.gp.19.calayer.ca.2.weightg1.gp.19.calayer.ca.2.biasg1.gp.19.palayer.pa.0.weightg1.gp.19.palayer.pa.0.biasg1.gp.19.palayer.pa.2.weightg1.gp.19.palayer.pa.2.biasg1.gp.20.weightg1.gp.20.biasg2.gp.0.conv1.weightg2.gp.0.conv1.biasg2.gp.0.conv2.weightg2.gp.0.conv2.biasg2.gp.0.calayer.ca.0.weightg2.gp.0.calayer.ca.0.biasg2.gp.0.calayer.ca.2.weightg2.gp.0.calayer.ca.2.biasg2.gp.0.palayer.pa.0.weightg2.gp.0.palayer.pa.0.biasg2.gp.0.palayer.pa.2.weightg2.gp.0.palayer.pa.2.biasg2.gp.1.conv1.weightg2.gp.1.conv1.biasg2.gp.1.conv2.weightg2.gp.1.conv2.biasg2.gp.1.calayer.ca.0.weightg2.gp.1.calayer.ca.0.biasg2.gp.1.calayer.ca.2.weightg2.gp.1.calayer.ca.2.biasg2.gp.1.palayer.pa.0.weightg2.gp.1.palayer.pa.0.biasg2.gp.1.palayer.pa.2.weightg2.gp.1.palayer.pa.2.biasg2.gp.2.conv1.weightg2.gp.2.conv1.biasg2.gp.2.conv2.weightg2.gp.2.conv2.biasg2.gp.2.calayer.ca.0.weightg2.gp.2.calayer.ca.0.biasg2.gp.2.calayer.ca.2.weightg2.gp.2.calayer.ca.2.biasg2.gp.2.palayer.pa.0.weightg2.gp.2.palayer.pa.0.biasg2.gp.2.palayer.pa.2.weightg2.gp.2.palayer.pa.2.biasg2.gp.3.conv1.weightg2.gp.3.conv1.biasg2.gp.3.conv2.weightg2.gp.3.conv2.biasg2.gp.3.calayer.ca.0.weightg2.gp.3.calayer.ca.0.biasg2.gp.3.calayer.ca.2.weightg2.gp.3.calayer.ca.2.biasg2.gp.3.palayer.pa.0.weightg2.gp.3.palayer.pa.0.biasg2.gp.3.palayer.pa.2.weightg2.gp.3.palayer.pa.2.biasg2.gp.4.conv1.weightg2.gp.4.conv1.biasg2.gp.4.conv2.weightg2.gp.4.conv2.biasg2.gp.4.calayer.ca.0.weightg2.gp.4.calayer.ca.0.biasg2.gp.4.calayer.ca.2.weightg2.gp.4.calayer.ca.2.biasg2.gp.4.palayer.pa.0.weightg2.gp.4.palayer.pa.0.biasg2.gp.4.palayer.pa.2.weightg2.gp.4.palayer.pa.2.biasg2.gp.5.conv1.weightg2.gp.5.conv1.biasg2.gp.5.conv2.weightg2.gp.5.conv2.biasg2.gp.5.calayer.ca.0.weightg2.gp.5.calayer.ca.0.biasg2.gp.5.calayer.ca.2.weightg2.gp.5.calayer.ca.2.biasg2.gp.5.palayer.pa.0.weightg2.gp.5.palayer.pa.0.biasg2.gp.5.palayer.pa.2.weightg2.gp.5.palayer.pa.2.biasg2.gp.6.conv1.weightg2.gp.6.conv1.biasg2.gp.6.conv2.weightg2.gp.6.conv2.biasg2.gp.6.calayer.ca.0.weightg2.gp.6.calayer.ca.0.biasg2.gp.6.calayer.ca.2.weightg2.gp.6.calayer.ca.2.biasg2.gp.6.palayer.pa.0.weightg2.gp.6.palayer.pa.0.biasg2.gp.6.palayer.pa.2.weightg2.gp.6.palayer.pa.2.biasg2.gp.7.conv1.weightg2.gp.7.conv1.biasg2.gp.7.conv2.weightg2.gp.7.conv2.biasg2.gp.7.calayer.ca.0.weightg2.gp.7.calayer.ca.0.biasg2.gp.7.calayer.ca.2.weightg2.gp.7.calayer.ca.2.biasg2.gp.7.palayer.pa.0.weightg2.gp.7.palayer.pa.0.biasg2.gp.7.palayer.pa.2.weightg2.gp.7.palayer.pa.2.biasg2.gp.8.conv1.weightg2.gp.8.conv1.biasg2.gp.8.conv2.weightg2.gp.8.conv2.biasg2.gp.8.calayer.ca.0.weightg2.gp.8.calayer.ca.0.biasg2.gp.8.calayer.ca.2.weightg2.gp.8.calayer.ca.2.biasg2.gp.8.palayer.pa.0.weightg2.gp.8.palayer.pa.0.biasg2.gp.8.palayer.pa.2.weightg2.gp.8.palayer.pa.2.biasg2.gp.9.conv1.weightg2.gp.9.conv1.biasg2.gp.9.conv2.weightg2.gp.9.conv2.biasg2.gp.9.calayer.ca.0.weightg2.gp.9.calayer.ca.0.biasg2.gp.9.calayer.ca.2.weightg2.gp.9.calayer.ca.2.biasg2.gp.9.palayer.pa.0.weightg2.gp.9.palayer.pa.0.biasg2.gp.9.palayer.pa.2.weightg2.gp.9.palayer.pa.2.biasg2.gp.10.conv1.weightg2.gp.10.conv1.biasg2.gp.10.conv2.weightg2.gp.10.conv2.biasg2.gp.10.calayer.ca.0.weightg2.gp.10.calayer.ca.0.biasg2.gp.10.calayer.ca.2.weightg2.gp.10.calayer.ca.2.biasg2.gp.10.palayer.pa.0.weightg2.gp.10.palayer.pa.0.biasg2.gp.10.palayer.pa.2.weightg2.gp.10.palayer.pa.2.biasg2.gp.11.conv1.weightg2.gp.11.conv1.biasg2.gp.11.conv2.weightg2.gp.11.conv2.biasg2.gp.11.calayer.ca.0.weightg2.gp.11.calayer.ca.0.biasg2.gp.11.calayer.ca.2.weightg2.gp.11.calayer.ca.2.biasg2.gp.11.palayer.pa.0.weightg2.gp.11.palayer.pa.0.biasg2.gp.11.palayer.pa.2.weightg2.gp.11.palayer.pa.2.biasg2.gp.12.conv1.weightg2.gp.12.conv1.biasg2.gp.12.conv2.weightg2.gp.12.conv2.biasg2.gp.12.calayer.ca.0.weightg2.gp.12.calayer.ca.0.biasg2.gp.12.calayer.ca.2.weightg2.gp.12.calayer.ca.2.biasg2.gp.12.palayer.pa.0.weightg2.gp.12.palayer.pa.0.biasg2.gp.12.palayer.pa.2.weightg2.gp.12.palayer.pa.2.biasg2.gp.13.conv1.weightg2.gp.13.conv1.biasg2.gp.13.conv2.weightg2.gp.13.conv2.biasg2.gp.13.calayer.ca.0.weightg2.gp.13.calayer.ca.0.biasg2.gp.13.calayer.ca.2.weightg2.gp.13.calayer.ca.2.biasg2.gp.13.palayer.pa.0.weightg2.gp.13.palayer.pa.0.biasg2.gp.13.palayer.pa.2.weightg2.gp.13.palayer.pa.2.biasg2.gp.14.conv1.weightg2.gp.14.conv1.biasg2.gp.14.conv2.weightg2.gp.14.conv2.biasg2.gp.14.calayer.ca.0.weightg2.gp.14.calayer.ca.0.biasg2.gp.14.calayer.ca.2.weightg2.gp.14.calayer.ca.2.biasg2.gp.14.palayer.pa.0.weightg2.gp.14.palayer.pa.0.biasg2.gp.14.palayer.pa.2.weightg2.gp.14.palayer.pa.2.biasg2.gp.15.conv1.weightg2.gp.15.conv1.biasg2.gp.15.conv2.weightg2.gp.15.conv2.biasg2.gp.15.calayer.ca.0.weightg2.gp.15.calayer.ca.0.biasg2.gp.15.calayer.ca.2.weightg2.gp.15.calayer.ca.2.biasg2.gp.15.palayer.pa.0.weightg2.gp.15.palayer.pa.0.biasg2.gp.15.palayer.pa.2.weightg2.gp.15.palayer.pa.2.biasg2.gp.16.conv1.weightg2.gp.16.conv1.biasg2.gp.16.conv2.weightg2.gp.16.conv2.biasg2.gp.16.calayer.ca.0.weightg2.gp.16.calayer.ca.0.biasg2.gp.16.calayer.ca.2.weightg2.gp.16.calayer.ca.2.biasg2.gp.16.palayer.pa.0.weightg2.gp.16.palayer.pa.0.biasg2.gp.16.palayer.pa.2.weightg2.gp.16.palayer.pa.2.biasg2.gp.17.conv1.weightg2.gp.17.conv1.biasg2.gp.17.conv2.weightg2.gp.17.conv2.biasg2.gp.17.calayer.ca.0.weightg2.gp.17.calayer.ca.0.biasg2.gp.17.calayer.ca.2.weightg2.gp.17.calayer.ca.2.biasg2.gp.17.palayer.pa.0.weightg2.gp.17.palayer.pa.0.biasg2.gp.17.palayer.pa.2.weightg2.gp.17.palayer.pa.2.biasg2.gp.18.conv1.weightg2.gp.18.conv1.biasg2.gp.18.conv2.weightg2.gp.18.conv2.biasg2.gp.18.calayer.ca.0.weightg2.gp.18.calayer.ca.0.biasg2.gp.18.calayer.ca.2.weightg2.gp.18.calayer.ca.2.biasg2.gp.18.palayer.pa.0.weightg2.gp.18.palayer.pa.0.biasg2.gp.18.palayer.pa.2.weightg2.gp.18.palayer.pa.2.biasg2.gp.19.conv1.weightg2.gp.19.conv1.biasg2.gp.19.conv2.weightg2.gp.19.conv2.biasg2.gp.19.calayer.ca.0.weightg2.gp.19.calayer.ca.0.biasg2.gp.19.calayer.ca.2.weightg2.gp.19.calayer.ca.2.biasg2.gp.19.palayer.pa.0.weightg2.gp.19.palayer.pa.0.biasg2.gp.19.palayer.pa.2.weightg2.gp.19.palayer.pa.2.biasg2.gp.20.weightg2.gp.20.biasg3.gp.0.conv1.weightg3.gp.0.conv1.biasg3.gp.0.conv2.weightg3.gp.0.conv2.biasg3.gp.0.calayer.ca.0.weightg3.gp.0.calayer.ca.0.biasg3.gp.0.calayer.ca.2.weightg3.gp.0.calayer.ca.2.biasg3.gp.0.palayer.pa.0.weightg3.gp.0.palayer.pa.0.biasg3.gp.0.palayer.pa.2.weightg3.gp.0.palayer.pa.2.biasg3.gp.1.conv1.weightg3.gp.1.conv1.biasg3.gp.1.conv2.weightg3.gp.1.conv2.biasg3.gp.1.calayer.ca.0.weightg3.gp.1.calayer.ca.0.biasg3.gp.1.calayer.ca.2.weightg3.gp.1.calayer.ca.2.biasg3.gp.1.palayer.pa.0.weightg3.gp.1.palayer.pa.0.biasg3.gp.1.palayer.pa.2.weightg3.gp.1.palayer.pa.2.biasg3.gp.2.conv1.weightg3.gp.2.conv1.biasg3.gp.2.conv2.weightg3.gp.2.conv2.biasg3.gp.2.calayer.ca.0.weightg3.gp.2.calayer.ca.0.biasg3.gp.2.calayer.ca.2.weightg3.gp.2.calayer.ca.2.biasg3.gp.2.palayer.pa.0.weightg3.gp.2.palayer.pa.0.biasg3.gp.2.palayer.pa.2.weightg3.gp.2.palayer.pa.2.biasg3.gp.3.conv1.weightg3.gp.3.conv1.biasg3.gp.3.conv2.weightg3.gp.3.conv2.biasg3.gp.3.calayer.ca.0.weightg3.gp.3.calayer.ca.0.biasg3.gp.3.calayer.ca.2.weightg3.gp.3.calayer.ca.2.biasg3.gp.3.palayer.pa.0.weightg3.gp.3.palayer.pa.0.biasg3.gp.3.palayer.pa.2.weightg3.gp.3.palayer.pa.2.biasg3.gp.4.conv1.weightg3.gp.4.conv1.biasg3.gp.4.conv2.weightg3.gp.4.conv2.biasg3.gp.4.calayer.ca.0.weightg3.gp.4.calayer.ca.0.biasg3.gp.4.calayer.ca.2.weightg3.gp.4.calayer.ca.2.biasg3.gp.4.palayer.pa.0.weightg3.gp.4.palayer.pa.0.biasg3.gp.4.palayer.pa.2.weightg3.gp.4.palayer.pa.2.biasg3.gp.5.conv1.weightg3.gp.5.conv1.biasg3.gp.5.conv2.weightg3.gp.5.conv2.biasg3.gp.5.calayer.ca.0.weightg3.gp.5.calayer.ca.0.biasg3.gp.5.calayer.ca.2.weightg3.gp.5.calayer.ca.2.biasg3.gp.5.palayer.pa.0.weightg3.gp.5.palayer.pa.0.biasg3.gp.5.palayer.pa.2.weightg3.gp.5.palayer.pa.2.biasg3.gp.6.conv1.weightg3.gp.6.conv1.biasg3.gp.6.conv2.weightg3.gp.6.conv2.biasg3.gp.6.calayer.ca.0.weightg3.gp.6.calayer.ca.0.biasg3.gp.6.calayer.ca.2.weightg3.gp.6.calayer.ca.2.biasg3.gp.6.palayer.pa.0.weightg3.gp.6.palayer.pa.0.biasg3.gp.6.palayer.pa.2.weightg3.gp.6.palayer.pa.2.biasg3.gp.7.conv1.weightg3.gp.7.conv1.biasg3.gp.7.conv2.weightg3.gp.7.conv2.biasg3.gp.7.calayer.ca.0.weightg3.gp.7.calayer.ca.0.biasg3.gp.7.calayer.ca.2.weightg3.gp.7.calayer.ca.2.biasg3.gp.7.palayer.pa.0.weightg3.gp.7.palayer.pa.0.biasg3.gp.7.palayer.pa.2.weightg3.gp.7.palayer.pa.2.biasg3.gp.8.conv1.weightg3.gp.8.conv1.biasg3.gp.8.conv2.weightg3.gp.8.conv2.biasg3.gp.8.calayer.ca.0.weightg3.gp.8.calayer.ca.0.biasg3.gp.8.calayer.ca.2.weightg3.gp.8.calayer.ca.2.biasg3.gp.8.palayer.pa.0.weightg3.gp.8.palayer.pa.0.biasg3.gp.8.palayer.pa.2.weightg3.gp.8.palayer.pa.2.biasg3.gp.9.conv1.weightg3.gp.9.conv1.biasg3.gp.9.conv2.weightg3.gp.9.conv2.biasg3.gp.9.calayer.ca.0.weightg3.gp.9.calayer.ca.0.biasg3.gp.9.calayer.ca.2.weightg3.gp.9.calayer.ca.2.biasg3.gp.9.palayer.pa.0.weightg3.gp.9.palayer.pa.0.biasg3.gp.9.palayer.pa.2.weightg3.gp.9.palayer.pa.2.biasg3.gp.10.conv1.weightg3.gp.10.conv1.biasg3.gp.10.conv2.weightg3.gp.10.conv2.biasg3.gp.10.calayer.ca.0.weightg3.gp.10.calayer.ca.0.biasg3.gp.10.calayer.ca.2.weightg3.gp.10.calayer.ca.2.biasg3.gp.10.palayer.pa.0.weightg3.gp.10.palayer.pa.0.biasg3.gp.10.palayer.pa.2.weightg3.gp.10.palayer.pa.2.biasg3.gp.11.conv1.weightg3.gp.11.conv1.biasg3.gp.11.conv2.weightg3.gp.11.conv2.biasg3.gp.11.calayer.ca.0.weightg3.gp.11.calayer.ca.0.biasg3.gp.11.calayer.ca.2.weightg3.gp.11.calayer.ca.2.biasg3.gp.11.palayer.pa.0.weightg3.gp.11.palayer.pa.0.biasg3.gp.11.palayer.pa.2.weightg3.gp.11.palayer.pa.2.biasg3.gp.12.conv1.weightg3.gp.12.conv1.biasg3.gp.12.conv2.weightg3.gp.12.conv2.biasg3.gp.12.calayer.ca.0.weightg3.gp.12.calayer.ca.0.biasg3.gp.12.calayer.ca.2.weightg3.gp.12.calayer.ca.2.biasg3.gp.12.palayer.pa.0.weightg3.gp.12.palayer.pa.0.biasg3.gp.12.palayer.pa.2.weightg3.gp.12.palayer.pa.2.biasg3.gp.13.conv1.weightg3.gp.13.conv1.biasg3.gp.13.conv2.weightg3.gp.13.conv2.biasg3.gp.13.calayer.ca.0.weightg3.gp.13.calayer.ca.0.biasg3.gp.13.calayer.ca.2.weightg3.gp.13.calayer.ca.2.biasg3.gp.13.palayer.pa.0.weightg3.gp.13.palayer.pa.0.biasg3.gp.13.palayer.pa.2.weightg3.gp.13.palayer.pa.2.biasg3.gp.14.conv1.weightg3.gp.14.conv1.biasg3.gp.14.conv2.weightg3.gp.14.conv2.biasg3.gp.14.calayer.ca.0.weightg3.gp.14.calayer.ca.0.biasg3.gp.14.calayer.ca.2.weightg3.gp.14.calayer.ca.2.biasg3.gp.14.palayer.pa.0.weightg3.gp.14.palayer.pa.0.biasg3.gp.14.palayer.pa.2.weightg3.gp.14.palayer.pa.2.biasg3.gp.15.conv1.weightg3.gp.15.conv1.biasg3.gp.15.conv2.weightg3.gp.15.conv2.biasg3.gp.15.calayer.ca.0.weightg3.gp.15.calayer.ca.0.biasg3.gp.15.calayer.ca.2.weightg3.gp.15.calayer.ca.2.biasg3.gp.15.palayer.pa.0.weightg3.gp.15.palayer.pa.0.biasg3.gp.15.palayer.pa.2.weightg3.gp.15.palayer.pa.2.biasg3.gp.16.conv1.weightg3.gp.16.conv1.biasg3.gp.16.conv2.weightg3.gp.16.conv2.biasg3.gp.16.calayer.ca.0.weightg3.gp.16.calayer.ca.0.biasg3.gp.16.calayer.ca.2.weightg3.gp.16.calayer.ca.2.biasg3.gp.16.palayer.pa.0.weightg3.gp.16.palayer.pa.0.biasg3.gp.16.palayer.pa.2.weightg3.gp.16.palayer.pa.2.biasg3.gp.17.conv1.weightg3.gp.17.conv1.biasg3.gp.17.conv2.weightg3.gp.17.conv2.biasg3.gp.17.calayer.ca.0.weightg3.gp.17.calayer.ca.0.biasg3.gp.17.calayer.ca.2.weightg3.gp.17.calayer.ca.2.biasg3.gp.17.palayer.pa.0.weightg3.gp.17.palayer.pa.0.biasg3.gp.17.palayer.pa.2.weightg3.gp.17.palayer.pa.2.biasg3.gp.18.conv1.weightg3.gp.18.conv1.biasg3.gp.18.conv2.weightg3.gp.18.conv2.biasg3.gp.18.calayer.ca.0.weightg3.gp.18.calayer.ca.0.biasg3.gp.18.calayer.ca.2.weightg3.gp.18.calayer.ca.2.biasg3.gp.18.palayer.pa.0.weightg3.gp.18.palayer.pa.0.biasg3.gp.18.palayer.pa.2.weightg3.gp.18.palayer.pa.2.biasg3.gp.19.conv1.weightg3.gp.19.conv1.biasg3.gp.19.conv2.weightg3.gp.19.conv2.biasg3.gp.19.calayer.ca.0.weightg3.gp.19.calayer.ca.0.biasg3.gp.19.calayer.ca.2.weightg3.gp.19.calayer.ca.2.biasg3.gp.19.palayer.pa.0.weightg3.gp.19.palayer.pa.0.biasg3.gp.19.palayer.pa.2.weightg3.gp.19.palayer.pa.2.biasg3.gp.20.weightg3.gp.20.biaspre.0.weightpre.0.biaspost.0.weightpost.0.biaspost.1.weightpost.1.bias2023-01-14 18:28:26
g1.gp.0.conv1.weight
g1.gp.0.conv1.bias
g1.gp.0.conv2.weight
g1.gp.0.conv2.bias
g1.gp.0.calayer.ca.0.weight
g1.gp.0.calayer.ca.0.bias
g1.gp.0.calayer.ca.2.weight
g1.gp.0.calayer.ca.2.bias
g1.gp.0.palayer.pa.0.weight
g1.gp.0.palayer.pa.0.bias
g1.gp.0.palayer.pa.2.weight
g1.gp.0.palayer.pa.2.bias
g1.gp.1.conv1.weight
g1.gp.1.conv1.bias
g1.gp.1.conv2.weight
g1.gp.1.conv2.bias
g1.gp.1.calayer.ca.0.weight
g1.gp.1.calayer.ca.0.bias
g1.gp.1.calayer.ca.2.weight
g1.gp.1.calayer.ca.2.bias
g1.gp.1.palayer.pa.0.weight
g1.gp.1.palayer.pa.0.bias
g1.gp.1.palayer.pa.2.weight
g1.gp.1.palayer.pa.2.bias
g1.gp.2.conv1.weight
g1.gp.2.conv1.bias
g1.gp.2.conv2.weight
g1.gp.2.conv2.bias
g1.gp.2.calayer.ca.0.weight
g1.gp.2.calayer.ca.0.bias
g1.gp.2.calayer.ca.2.weight
g1.gp.2.calayer.ca.2.bias
g1.gp.2.palayer.pa.0.weight
g1.gp.2.palayer.pa.0.bias
g1.gp.2.palayer.pa.2.weight
g1.gp.2.palayer.pa.2.bias
g1.gp.3.conv1.weight
g1.gp.3.conv1.bias
g1.gp.3.conv2.weight
g1.gp.3.conv2.bias
g1.gp.3.calayer.ca.0.weight
g1.gp.3.calayer.ca.0.bias
g1.gp.3.calayer.ca.2.weight
g1.gp.3.calayer.ca.2.bias
g1.gp.3.palayer.pa.0.weight
g1.gp.3.palayer.pa.0.bias
g1.gp.3.palayer.pa.2.weight
g1.gp.3.palayer.pa.2.bias
g1.gp.4.conv1.weight
g1.gp.4.conv1.bias
g1.gp.4.conv2.weight
g1.gp.4.conv2.bias
g1.gp.4.calayer.ca.0.weight
g1.gp.4.calayer.ca.0.bias
g1.gp.4.calayer.ca.2.weight
g1.gp.4.calayer.ca.2.bias
g1.gp.4.palayer.pa.0.weight
g1.gp.4.palayer.pa.0.bias
g1.gp.4.palayer.pa.2.weight
g1.gp.4.palayer.pa.2.bias
g1.gp.5.conv1.weight
g1.gp.5.conv1.bias
g1.gp.5.conv2.weight
g1.gp.5.conv2.bias
g1.gp.5.calayer.ca.0.weight
g1.gp.5.calayer.ca.0.bias
g1.gp.5.calayer.ca.2.weight
g1.gp.5.calayer.ca.2.bias
g1.gp.5.palayer.pa.0.weight
g1.gp.5.palayer.pa.0.bias
g1.gp.5.palayer.pa.2.weight
g1.gp.5.palayer.pa.2.bias
g1.gp.6.conv1.weight
g1.gp.6.conv1.bias
g1.gp.6.conv2.weight
g1.gp.6.conv2.bias
g1.gp.6.calayer.ca.0.weight
g1.gp.6.calayer.ca.0.bias
g1.gp.6.calayer.ca.2.weight
g1.gp.6.calayer.ca.2.bias
g1.gp.6.palayer.pa.0.weight
g1.gp.6.palayer.pa.0.bias
g1.gp.6.palayer.pa.2.weight
g1.gp.6.palayer.pa.2.bias
g1.gp.7.conv1.weight
g1.gp.7.conv1.bias
g1.gp.7.conv2.weight
g1.gp.7.conv2.bias
g1.gp.7.calayer.ca.0.weight
g1.gp.7.calayer.ca.0.bias
g1.gp.7.calayer.ca.2.weight
g1.gp.7.calayer.ca.2.bias
g1.gp.7.palayer.pa.0.weight
g1.gp.7.palayer.pa.0.bias
g1.gp.7.palayer.pa.2.weight
g1.gp.7.palayer.pa.2.bias
g1.gp.8.conv1.weight
g1.gp.8.conv1.bias
g1.gp.8.conv2.weight
g1.gp.8.conv2.bias
g1.gp.8.calayer.ca.0.weight
g1.gp.8.calayer.ca.0.bias
g1.gp.8.calayer.ca.2.weight
g1.gp.8.calayer.ca.2.bias
g1.gp.8.palayer.pa.0.weight
g1.gp.8.palayer.pa.0.bias
g1.gp.8.palayer.pa.2.weight
g1.gp.8.palayer.pa.2.bias
g1.gp.9.conv1.weight
g1.gp.9.conv1.bias
g1.gp.9.conv2.weight
g1.gp.9.conv2.bias
g1.gp.9.calayer.ca.0.weight
g1.gp.9.calayer.ca.0.bias
g1.gp.9.calayer.ca.2.weight
g1.gp.9.calayer.ca.2.bias
g1.gp.9.palayer.pa.0.weight
g1.gp.9.palayer.pa.0.bias
g1.gp.9.palayer.pa.2.weight
g1.gp.9.palayer.pa.2.bias
g1.gp.10.conv1.weight
g1.gp.10.conv1.bias
g1.gp.10.conv2.weight
g1.gp.10.conv2.bias
g1.gp.10.calayer.ca.0.weight
g1.gp.10.calayer.ca.0.bias
g1.gp.10.calayer.ca.2.weight
g1.gp.10.calayer.ca.2.bias
g1.gp.10.palayer.pa.0.weight
g1.gp.10.palayer.pa.0.bias
g1.gp.10.palayer.pa.2.weight
g1.gp.10.palayer.pa.2.bias
g1.gp.11.conv1.weight
g1.gp.11.conv1.bias
g1.gp.11.conv2.weight
g1.gp.11.conv2.bias
g1.gp.11.calayer.ca.0.weight
g1.gp.11.calayer.ca.0.bias
g1.gp.11.calayer.ca.2.weight
g1.gp.11.calayer.ca.2.bias
g1.gp.11.palayer.pa.0.weight
g1.gp.11.palayer.pa.0.bias
g1.gp.11.palayer.pa.2.weight
g1.gp.11.palayer.pa.2.bias
g1.gp.12.conv1.weight
g1.gp.12.conv1.bias
g1.gp.12.conv2.weight
g1.gp.12.conv2.bias
g1.gp.12.calayer.ca.0.weight
g1.gp.12.calayer.ca.0.bias
g1.gp.12.calayer.ca.2.weight
g1.gp.12.calayer.ca.2.bias
g1.gp.12.palayer.pa.0.weight
g1.gp.12.palayer.pa.0.bias
g1.gp.12.palayer.pa.2.weight
g1.gp.12.palayer.pa.2.bias
g1.gp.13.conv1.weight
g1.gp.13.conv1.bias
g1.gp.13.conv2.weight
g1.gp.13.conv2.bias
g1.gp.13.calayer.ca.0.weight
g1.gp.13.calayer.ca.0.bias
g1.gp.13.calayer.ca.2.weight
g1.gp.13.calayer.ca.2.bias
g1.gp.13.palayer.pa.0.weight
g1.gp.13.palayer.pa.0.bias
g1.gp.13.palayer.pa.2.weight
g1.gp.13.palayer.pa.2.bias
g1.gp.14.conv1.weight
g1.gp.14.conv1.bias
g1.gp.14.conv2.weight
g1.gp.14.conv2.bias
g1.gp.14.calayer.ca.0.weight
g1.gp.14.calayer.ca.0.bias
g1.gp.14.calayer.ca.2.weight
g1.gp.14.calayer.ca.2.bias
g1.gp.14.palayer.pa.0.weight
g1.gp.14.palayer.pa.0.bias
g1.gp.14.palayer.pa.2.weight
g1.gp.14.palayer.pa.2.bias
g1.gp.15.conv1.weight
g1.gp.15.conv1.bias
g1.gp.15.conv2.weight
g1.gp.15.conv2.bias
g1.gp.15.calayer.ca.0.weight
g1.gp.15.calayer.ca.0.bias
g1.gp.15.calayer.ca.2.weight
g1.gp.15.calayer.ca.2.bias
g1.gp.15.palayer.pa.0.weight
g1.gp.15.palayer.pa.0.bias
g1.gp.15.palayer.pa.2.weight
g1.gp.15.palayer.pa.2.bias
g1.gp.16.conv1.weight
g1.gp.16.conv1.bias
g1.gp.16.conv2.weight
g1.gp.16.conv2.bias
g1.gp.16.calayer.ca.0.weight
g1.gp.16.calayer.ca.0.bias
g1.gp.16.calayer.ca.2.weight
g1.gp.16.calayer.ca.2.bias
g1.gp.16.palayer.pa.0.weight
g1.gp.16.palayer.pa.0.bias
g1.gp.16.palayer.pa.2.weight
g1.gp.16.palayer.pa.2.bias
g1.gp.17.conv1.weight
g1.gp.17.conv1.bias
g1.gp.17.conv2.weight
g1.gp.17.conv2.bias
g1.gp.17.calayer.ca.0.weight
g1.gp.17.calayer.ca.0.bias
g1.gp.17.calayer.ca.2.weight
g1.gp.17.calayer.ca.2.bias
g1.gp.17.palayer.pa.0.weight
g1.gp.17.palayer.pa.0.bias
g1.gp.17.palayer.pa.2.weight
g1.gp.17.palayer.pa.2.bias
g1.gp.18.conv1.weight
g1.gp.18.conv1.bias
g1.gp.18.conv2.weight
g1.gp.18.conv2.bias
g1.gp.18.calayer.ca.0.weight
g1.gp.18.calayer.ca.0.bias
g1.gp.18.calayer.ca.2.weight
g1.gp.18.calayer.ca.2.bias
g1.gp.18.palayer.pa.0.weight
g1.gp.18.palayer.pa.0.bias
g1.gp.18.palayer.pa.2.weight
g1.gp.18.palayer.pa.2.bias
g1.gp.19.conv1.weight
g1.gp.19.conv1.bias
g1.gp.19.conv2.weight
g1.gp.19.conv2.bias
g1.gp.19.calayer.ca.0.weight
g1.gp.19.calayer.ca.0.bias
g1.gp.19.calayer.ca.2.weight
g1.gp.19.calayer.ca.2.bias
g1.gp.19.palayer.pa.0.weight
g1.gp.19.palayer.pa.0.bias
g1.gp.19.palayer.pa.2.weight
g1.gp.19.palayer.pa.2.bias
g1.gp.20.weight
g1.gp.20.bias
g2.gp.0.conv1.weight
g2.gp.0.conv1.bias
g2.gp.0.conv2.weight
g2.gp.0.conv2.bias
g2.gp.0.calayer.ca.0.weight
g2.gp.0.calayer.ca.0.bias
g2.gp.0.calayer.ca.2.weight
g2.gp.0.calayer.ca.2.bias
g2.gp.0.palayer.pa.0.weight
g2.gp.0.palayer.pa.0.bias
g2.gp.0.palayer.pa.2.weight
g2.gp.0.palayer.pa.2.bias
g2.gp.1.conv1.weight
g2.gp.1.conv1.bias
g2.gp.1.conv2.weight
g2.gp.1.conv2.bias
g2.gp.1.calayer.ca.0.weight
g2.gp.1.calayer.ca.0.bias
g2.gp.1.calayer.ca.2.weight
g2.gp.1.calayer.ca.2.bias
g2.gp.1.palayer.pa.0.weight
g2.gp.1.palayer.pa.0.bias
g2.gp.1.palayer.pa.2.weight
g2.gp.1.palayer.pa.2.bias
g2.gp.2.conv1.weight
g2.gp.2.conv1.bias
g2.gp.2.conv2.weight
g2.gp.2.conv2.bias
g2.gp.2.calayer.ca.0.weight
g2.gp.2.calayer.ca.0.bias
g2.gp.2.calayer.ca.2.weight
g2.gp.2.calayer.ca.2.bias
g2.gp.2.palayer.pa.0.weight
g2.gp.2.palayer.pa.0.bias
g2.gp.2.palayer.pa.2.weight
g2.gp.2.palayer.pa.2.bias
g2.gp.3.conv1.weight
g2.gp.3.conv1.bias
g2.gp.3.conv2.weight
g2.gp.3.conv2.bias
g2.gp.3.calayer.ca.0.weight
g2.gp.3.calayer.ca.0.bias
g2.gp.3.calayer.ca.2.weight
g2.gp.3.calayer.ca.2.bias
g2.gp.3.palayer.pa.0.weight
g2.gp.3.palayer.pa.0.bias
g2.gp.3.palayer.pa.2.weight
g2.gp.3.palayer.pa.2.bias
g2.gp.4.conv1.weight
g2.gp.4.conv1.bias
g2.gp.4.conv2.weight
g2.gp.4.conv2.bias
g2.gp.4.calayer.ca.0.weight
g2.gp.4.calayer.ca.0.bias
g2.gp.4.calayer.ca.2.weight
g2.gp.4.calayer.ca.2.bias
g2.gp.4.palayer.pa.0.weight
g2.gp.4.palayer.pa.0.bias
g2.gp.4.palayer.pa.2.weight
g2.gp.4.palayer.pa.2.bias
g2.gp.5.conv1.weight
g2.gp.5.conv1.bias
g2.gp.5.conv2.weight
g2.gp.5.conv2.bias
g2.gp.5.calayer.ca.0.weight
g2.gp.5.calayer.ca.0.bias
g2.gp.5.calayer.ca.2.weight
g2.gp.5.calayer.ca.2.bias
g2.gp.5.palayer.pa.0.weight
g2.gp.5.palayer.pa.0.bias
g2.gp.5.palayer.pa.2.weight
g2.gp.5.palayer.pa.2.bias
g2.gp.6.conv1.weight
g2.gp.6.conv1.bias
g2.gp.6.conv2.weight
g2.gp.6.conv2.bias
g2.gp.6.calayer.ca.0.weight
g2.gp.6.calayer.ca.0.bias
g2.gp.6.calayer.ca.2.weight
g2.gp.6.calayer.ca.2.bias
g2.gp.6.palayer.pa.0.weight
g2.gp.6.palayer.pa.0.bias
g2.gp.6.palayer.pa.2.weight
g2.gp.6.palayer.pa.2.bias
g2.gp.7.conv1.weight
g2.gp.7.conv1.bias
g2.gp.7.conv2.weight
g2.gp.7.conv2.bias
g2.gp.7.calayer.ca.0.weight
g2.gp.7.calayer.ca.0.bias
g2.gp.7.calayer.ca.2.weight
g2.gp.7.calayer.ca.2.bias
g2.gp.7.palayer.pa.0.weight
g2.gp.7.palayer.pa.0.bias
g2.gp.7.palayer.pa.2.weight
g2.gp.7.palayer.pa.2.bias
g2.gp.8.conv1.weight
g2.gp.8.conv1.bias
g2.gp.8.conv2.weight
g2.gp.8.conv2.bias
g2.gp.8.calayer.ca.0.weight
g2.gp.8.calayer.ca.0.bias
g2.gp.8.calayer.ca.2.weight
g2.gp.8.calayer.ca.2.bias
g2.gp.8.palayer.pa.0.weight
g2.gp.8.palayer.pa.0.bias
g2.gp.8.palayer.pa.2.weight
g2.gp.8.palayer.pa.2.bias
g2.gp.9.conv1.weight
g2.gp.9.conv1.bias
g2.gp.9.conv2.weight
g2.gp.9.conv2.bias
g2.gp.9.calayer.ca.0.weight
g2.gp.9.calayer.ca.0.bias
g2.gp.9.calayer.ca.2.weight
g2.gp.9.calayer.ca.2.bias
g2.gp.9.palayer.pa.0.weight
g2.gp.9.palayer.pa.0.bias
g2.gp.9.palayer.pa.2.weight
g2.gp.9.palayer.pa.2.bias
g2.gp.10.conv1.weight
g2.gp.10.conv1.bias
g2.gp.10.conv2.weight
g2.gp.10.conv2.bias
g2.gp.10.calayer.ca.0.weight
g2.gp.10.calayer.ca.0.bias
g2.gp.10.calayer.ca.2.weight
g2.gp.10.calayer.ca.2.bias
g2.gp.10.palayer.pa.0.weight
g2.gp.10.palayer.pa.0.bias
g2.gp.10.palayer.pa.2.weight
g2.gp.10.palayer.pa.2.bias
g2.gp.11.conv1.weight
g2.gp.11.conv1.bias
g2.gp.11.conv2.weight
g2.gp.11.conv2.bias
g2.gp.11.calayer.ca.0.weight
g2.gp.11.calayer.ca.0.bias
g2.gp.11.calayer.ca.2.weight
g2.gp.11.calayer.ca.2.bias
g2.gp.11.palayer.pa.0.weight
g2.gp.11.palayer.pa.0.bias
g2.gp.11.palayer.pa.2.weight
g2.gp.11.palayer.pa.2.bias
g2.gp.12.conv1.weight
g2.gp.12.conv1.bias
g2.gp.12.conv2.weight
g2.gp.12.conv2.bias
g2.gp.12.calayer.ca.0.weight
g2.gp.12.calayer.ca.0.bias
g2.gp.12.calayer.ca.2.weight
g2.gp.12.calayer.ca.2.bias
g2.gp.12.palayer.pa.0.weight
g2.gp.12.palayer.pa.0.bias
g2.gp.12.palayer.pa.2.weight
g2.gp.12.palayer.pa.2.bias
g2.gp.13.conv1.weight
g2.gp.13.conv1.bias
g2.gp.13.conv2.weight
g2.gp.13.conv2.bias
g2.gp.13.calayer.ca.0.weight
g2.gp.13.calayer.ca.0.bias
g2.gp.13.calayer.ca.2.weight
g2.gp.13.calayer.ca.2.bias
g2.gp.13.palayer.pa.0.weight
g2.gp.13.palayer.pa.0.bias
g2.gp.13.palayer.pa.2.weight
g2.gp.13.palayer.pa.2.bias
g2.gp.14.conv1.weight
g2.gp.14.conv1.bias
g2.gp.14.conv2.weight
g2.gp.14.conv2.bias
g2.gp.14.calayer.ca.0.weight
g2.gp.14.calayer.ca.0.bias
g2.gp.14.calayer.ca.2.weight
g2.gp.14.calayer.ca.2.bias
g2.gp.14.palayer.pa.0.weight
g2.gp.14.palayer.pa.0.bias
g2.gp.14.palayer.pa.2.weight
g2.gp.14.palayer.pa.2.bias
g2.gp.15.conv1.weight
g2.gp.15.conv1.bias
g2.gp.15.conv2.weight
g2.gp.15.conv2.bias
g2.gp.15.calayer.ca.0.weight
g2.gp.15.calayer.ca.0.bias
g2.gp.15.calayer.ca.2.weight
g2.gp.15.calayer.ca.2.bias
g2.gp.15.palayer.pa.0.weight
g2.gp.15.palayer.pa.0.bias
g2.gp.15.palayer.pa.2.weight
g2.gp.15.palayer.pa.2.bias
g2.gp.16.conv1.weight
g2.gp.16.conv1.bias
g2.gp.16.conv2.weight
g2.gp.16.conv2.bias
g2.gp.16.calayer.ca.0.weight
g2.gp.16.calayer.ca.0.bias
g2.gp.16.calayer.ca.2.weight
g2.gp.16.calayer.ca.2.bias
g2.gp.16.palayer.pa.0.weight
g2.gp.16.palayer.pa.0.bias
g2.gp.16.palayer.pa.2.weight
g2.gp.16.palayer.pa.2.bias
g2.gp.17.conv1.weight
g2.gp.17.conv1.bias
g2.gp.17.conv2.weight
g2.gp.17.conv2.bias
g2.gp.17.calayer.ca.0.weight
g2.gp.17.calayer.ca.0.bias
g2.gp.17.calayer.ca.2.weight
g2.gp.17.calayer.ca.2.bias
g2.gp.17.palayer.pa.0.weight
g2.gp.17.palayer.pa.0.bias
g2.gp.17.palayer.pa.2.weight
g2.gp.17.palayer.pa.2.bias
g2.gp.18.conv1.weight
g2.gp.18.conv1.bias
g2.gp.18.conv2.weight
g2.gp.18.conv2.bias
g2.gp.18.calayer.ca.0.weight
g2.gp.18.calayer.ca.0.bias
g2.gp.18.calayer.ca.2.weight
g2.gp.18.calayer.ca.2.bias
g2.gp.18.palayer.pa.0.weight
g2.gp.18.palayer.pa.0.bias
g2.gp.18.palayer.pa.2.weight
g2.gp.18.palayer.pa.2.bias
g2.gp.19.conv1.weight
g2.gp.19.conv1.bias
g2.gp.19.conv2.weight
g2.gp.19.conv2.bias
g2.gp.19.calayer.ca.0.weight
g2.gp.19.calayer.ca.0.bias
g2.gp.19.calayer.ca.2.weight
g2.gp.19.calayer.ca.2.bias
g2.gp.19.palayer.pa.0.weight
g2.gp.19.palayer.pa.0.bias
g2.gp.19.palayer.pa.2.weight
g2.gp.19.palayer.pa.2.bias
g2.gp.20.weight
g2.gp.20.bias
g3.gp.0.conv1.weight
g3.gp.0.conv1.bias
g3.gp.0.conv2.weight
g3.gp.0.conv2.bias
g3.gp.0.calayer.ca.0.weight
g3.gp.0.calayer.ca.0.bias
g3.gp.0.calayer.ca.2.weight
g3.gp.0.calayer.ca.2.bias
g3.gp.0.palayer.pa.0.weight
g3.gp.0.palayer.pa.0.bias
g3.gp.0.palayer.pa.2.weight
g3.gp.0.palayer.pa.2.bias
g3.gp.1.conv1.weight
g3.gp.1.conv1.bias
g3.gp.1.conv2.weight
g3.gp.1.conv2.bias
g3.gp.1.calayer.ca.0.weight
g3.gp.1.calayer.ca.0.bias
g3.gp.1.calayer.ca.2.weight
g3.gp.1.calayer.ca.2.bias
g3.gp.1.palayer.pa.0.weight
g3.gp.1.palayer.pa.0.bias
g3.gp.1.palayer.pa.2.weight
g3.gp.1.palayer.pa.2.bias
g3.gp.2.conv1.weight
g3.gp.2.conv1.bias
g3.gp.2.conv2.weight
g3.gp.2.conv2.bias
g3.gp.2.calayer.ca.0.weight
g3.gp.2.calayer.ca.0.bias
g3.gp.2.calayer.ca.2.weight
g3.gp.2.calayer.ca.2.bias
g3.gp.2.palayer.pa.0.weight
g3.gp.2.palayer.pa.0.bias
g3.gp.2.palayer.pa.2.weight
g3.gp.2.palayer.pa.2.bias
g3.gp.3.conv1.weight
g3.gp.3.conv1.bias
g3.gp.3.conv2.weight
g3.gp.3.conv2.bias
g3.gp.3.calayer.ca.0.weight
g3.gp.3.calayer.ca.0.bias
g3.gp.3.calayer.ca.2.weight
g3.gp.3.calayer.ca.2.bias
g3.gp.3.palayer.pa.0.weight
g3.gp.3.palayer.pa.0.bias
g3.gp.3.palayer.pa.2.weight
g3.gp.3.palayer.pa.2.bias
g3.gp.4.conv1.weight
g3.gp.4.conv1.bias
g3.gp.4.conv2.weight
g3.gp.4.conv2.bias
g3.gp.4.calayer.ca.0.weight
g3.gp.4.calayer.ca.0.bias
g3.gp.4.calayer.ca.2.weight
g3.gp.4.calayer.ca.2.bias
g3.gp.4.palayer.pa.0.weight
g3.gp.4.palayer.pa.0.bias
g3.gp.4.palayer.pa.2.weight
g3.gp.4.palayer.pa.2.bias
g3.gp.5.conv1.weight
g3.gp.5.conv1.bias
g3.gp.5.conv2.weight
g3.gp.5.conv2.bias
g3.gp.5.calayer.ca.0.weight
g3.gp.5.calayer.ca.0.bias
g3.gp.5.calayer.ca.2.weight
g3.gp.5.calayer.ca.2.bias
g3.gp.5.palayer.pa.0.weight
g3.gp.5.palayer.pa.0.bias
g3.gp.5.palayer.pa.2.weight
g3.gp.5.palayer.pa.2.bias
g3.gp.6.conv1.weight
g3.gp.6.conv1.bias
g3.gp.6.conv2.weight
g3.gp.6.conv2.bias
g3.gp.6.calayer.ca.0.weight
g3.gp.6.calayer.ca.0.bias
g3.gp.6.calayer.ca.2.weight
g3.gp.6.calayer.ca.2.bias
g3.gp.6.palayer.pa.0.weight
g3.gp.6.palayer.pa.0.bias
g3.gp.6.palayer.pa.2.weight
g3.gp.6.palayer.pa.2.bias
g3.gp.7.conv1.weight
g3.gp.7.conv1.bias
g3.gp.7.conv2.weight
g3.gp.7.conv2.bias
g3.gp.7.calayer.ca.0.weight
g3.gp.7.calayer.ca.0.bias
g3.gp.7.calayer.ca.2.weight
g3.gp.7.calayer.ca.2.bias
g3.gp.7.palayer.pa.0.weight
g3.gp.7.palayer.pa.0.bias
g3.gp.7.palayer.pa.2.weight
g3.gp.7.palayer.pa.2.bias
g3.gp.8.conv1.weight
g3.gp.8.conv1.bias
g3.gp.8.conv2.weight
g3.gp.8.conv2.bias
g3.gp.8.calayer.ca.0.weight
g3.gp.8.calayer.ca.0.bias
g3.gp.8.calayer.ca.2.weight
g3.gp.8.calayer.ca.2.bias
g3.gp.8.palayer.pa.0.weight
g3.gp.8.palayer.pa.0.bias
g3.gp.8.palayer.pa.2.weight
g3.gp.8.palayer.pa.2.bias
g3.gp.9.conv1.weight
g3.gp.9.conv1.bias
g3.gp.9.conv2.weight
g3.gp.9.conv2.bias
g3.gp.9.calayer.ca.0.weight
g3.gp.9.calayer.ca.0.bias
g3.gp.9.calayer.ca.2.weight
g3.gp.9.calayer.ca.2.bias
g3.gp.9.palayer.pa.0.weight
g3.gp.9.palayer.pa.0.bias
g3.gp.9.palayer.pa.2.weight
g3.gp.9.palayer.pa.2.bias
g3.gp.10.conv1.weight
g3.gp.10.conv1.bias
g3.gp.10.conv2.weight
g3.gp.10.conv2.bias
g3.gp.10.calayer.ca.0.weight
g3.gp.10.calayer.ca.0.bias
g3.gp.10.calayer.ca.2.weight
g3.gp.10.calayer.ca.2.bias
g3.gp.10.palayer.pa.0.weight
g3.gp.10.palayer.pa.0.bias
g3.gp.10.palayer.pa.2.weight
g3.gp.10.palayer.pa.2.bias
g3.gp.11.conv1.weight
g3.gp.11.conv1.bias
g3.gp.11.conv2.weight
g3.gp.11.conv2.bias
g3.gp.11.calayer.ca.0.weight
g3.gp.11.calayer.ca.0.bias
g3.gp.11.calayer.ca.2.weight
g3.gp.11.calayer.ca.2.bias
g3.gp.11.palayer.pa.0.weight
g3.gp.11.palayer.pa.0.bias
g3.gp.11.palayer.pa.2.weight
g3.gp.11.palayer.pa.2.bias
g3.gp.12.conv1.weight
g3.gp.12.conv1.bias
g3.gp.12.conv2.weight
g3.gp.12.conv2.bias
g3.gp.12.calayer.ca.0.weight
g3.gp.12.calayer.ca.0.bias
g3.gp.12.calayer.ca.2.weight
g3.gp.12.calayer.ca.2.bias
g3.gp.12.palayer.pa.0.weight
g3.gp.12.palayer.pa.0.bias
g3.gp.12.palayer.pa.2.weight
g3.gp.12.palayer.pa.2.bias
g3.gp.13.conv1.weight
g3.gp.13.conv1.bias
g3.gp.13.conv2.weight
g3.gp.13.conv2.bias
g3.gp.13.calayer.ca.0.weight
g3.gp.13.calayer.ca.0.bias
g3.gp.13.calayer.ca.2.weight
g3.gp.13.calayer.ca.2.bias
g3.gp.13.palayer.pa.0.weight
g3.gp.13.palayer.pa.0.bias
g3.gp.13.palayer.pa.2.weight
g3.gp.13.palayer.pa.2.bias
g3.gp.14.conv1.weight
g3.gp.14.conv1.bias
g3.gp.14.conv2.weight
g3.gp.14.conv2.bias
g3.gp.14.calayer.ca.0.weight
g3.gp.14.calayer.ca.0.bias
g3.gp.14.calayer.ca.2.weight
g3.gp.14.calayer.ca.2.bias
g3.gp.14.palayer.pa.0.weight
g3.gp.14.palayer.pa.0.bias
g3.gp.14.palayer.pa.2.weight
g3.gp.14.palayer.pa.2.bias
g3.gp.15.conv1.weight
g3.gp.15.conv1.bias
g3.gp.15.conv2.weight
g3.gp.15.conv2.bias
g3.gp.15.calayer.ca.0.weight
g3.gp.15.calayer.ca.0.bias
g3.gp.15.calayer.ca.2.weight
g3.gp.15.calayer.ca.2.bias
g3.gp.15.palayer.pa.0.weight
g3.gp.15.palayer.pa.0.bias
g3.gp.15.palayer.pa.2.weight
g3.gp.15.palayer.pa.2.bias
g3.gp.16.conv1.weight
g3.gp.16.conv1.bias
g3.gp.16.conv2.weight
g3.gp.16.conv2.bias
g3.gp.16.calayer.ca.0.weight
g3.gp.16.calayer.ca.0.bias
g3.gp.16.calayer.ca.2.weight
g3.gp.16.calayer.ca.2.bias
g3.gp.16.palayer.pa.0.weight
g3.gp.16.palayer.pa.0.bias
g3.gp.16.palayer.pa.2.weight
g3.gp.16.palayer.pa.2.bias
g3.gp.17.conv1.weight
g3.gp.17.conv1.bias
g3.gp.17.conv2.weight
g3.gp.17.conv2.bias
g3.gp.17.calayer.ca.0.weight
g3.gp.17.calayer.ca.0.bias
g3.gp.17.calayer.ca.2.weight
g3.gp.17.calayer.ca.2.bias
g3.gp.17.palayer.pa.0.weight
g3.gp.17.palayer.pa.0.bias
g3.gp.17.palayer.pa.2.weight
g3.gp.17.palayer.pa.2.bias
g3.gp.18.conv1.weight
g3.gp.18.conv1.bias
g3.gp.18.conv2.weight
g3.gp.18.conv2.bias
g3.gp.18.calayer.ca.0.weight
g3.gp.18.calayer.ca.0.bias
g3.gp.18.calayer.ca.2.weight
g3.gp.18.calayer.ca.2.bias
g3.gp.18.palayer.pa.0.weight
g3.gp.18.palayer.pa.0.bias
g3.gp.18.palayer.pa.2.weight
g3.gp.18.palayer.pa.2.bias
g3.gp.19.conv1.weight
g3.gp.19.conv1.bias
g3.gp.19.conv2.weight
g3.gp.19.conv2.bias
g3.gp.19.calayer.ca.0.weight
g3.gp.19.calayer.ca.0.bias
g3.gp.19.calayer.ca.2.weight
g3.gp.19.calayer.ca.2.bias
g3.gp.19.palayer.pa.0.weight
g3.gp.19.palayer.pa.0.bias
g3.gp.19.palayer.pa.2.weight
g3.gp.19.palayer.pa.2.bias
g3.gp.20.weight
g3.gp.20.bias
pre.0.weight
pre.0.bias
post.0.weight
post.0.bias
post.1.weight
post.1.bias
